<?xml version="1.0" encoding="UTF-8"?>
<testng-results skipped="0" failed="0" ignored="0" total="1" passed="1">
  <reporter-output>
  </reporter-output>
  <suite name="Default suite" duration-ms="151" started-at="2021-03-08T09:39:35 IST" finished-at="2021-03-08T09:39:35 IST">
    <groups>
    </groups>
    <test name="Default test" duration-ms="151" started-at="2021-03-08T09:39:35 IST" finished-at="2021-03-08T09:39:35 IST">
      <class name="com.qa.testcases.LoginPageTest">
        <test-method status="PASS" signature="TestcaseLogin()[pri:0, instance:com.qa.testcases.LoginPageTest@4b1c1ea0]" name="TestcaseLogin" duration-ms="21" started-at="2021-03-08T09:39:35 IST" finished-at="2021-03-08T09:39:35 IST">
          <reporter-output>
          </reporter-output>
        </test-method> <!-- TestcaseLogin -->
      </class> <!-- com.qa.testcases.LoginPageTest -->
    </test> <!-- Default test -->
  </suite> <!-- Default suite -->
</testng-results>
